$ vite
Port 5173 is in use, trying another one...
Port 5174 is in use, trying another one...
Port 5175 is in use, trying another one...
Port 5176 is in use, trying another one...

  VITE v5.4.10  ready in 194 ms

  ➜  Local:   http://localhost:5177/frontend_mentor14/
  ➜  Network: use --host to expose
2:21:36 AM [vite] changed tsconfig file detected: /Users/ryuseihosokawa/frontend_mentor14/tsconfig.app.json - Clearing cache and forcing full-reload to ensure TypeScript is compiled with updated config values.
2:21:36 AM [vite] changed tsconfig file detected: /Users/ryuseihosokawa/frontend_mentor14/tsconfig.json - Clearing cache and forcing full-reload to ensure TypeScript is compiled with updated config values.
2:21:36 AM [vite] vite.config.ts changed, restarting server...
2:21:36 AM [vite] page reload index.html
2:21:36 AM [vite] hmr update /src/App.tsx
2:21:36 AM [vite] hmr update /src/css/main.css
2:21:36 AM [vite] hmr update /src/css/reset.css
2:21:36 AM [vite] page reload src/main.tsx
2:21:36 AM [vite] page reload tailwind.config.js
(!) Could not auto-determine entry point from rollupOptions or html files and there are no explicit optimizeDeps.include patterns. Skipping dependency pre-bundling.
2:21:36 AM [vite] server restarted.

  ➜  Local:   http://localhost:5177/
  ➜  Network: use --host to expose
